<?xml version="1.0" encoding="UTF-8"?>
<testsuite xmlns:xsi="http://www.w3.org/2001/XMLSchema-instance" xsi:noNamespaceSchemaLocation="https://maven.apache.org/surefire/maven-surefire-plugin/xsd/surefire-test-report-3.0.xsd" version="3.0" name="com.webapp.app.AppApplicationTests" time="3.106" tests="1" errors="0" skipped="0" failures="0">
  <properties>
[...]
</properties>
  <testcase name="contextLoads" classname="com.webapp.app.AppApplicationTests" time="0.818">
    <system-out><![CDATA[21:38:35.095 [main] INFO org.springframework.test.context.support.AnnotationConfigContextLoaderUtils -- Could not detect default configuration classes for test class [com.webapp.app.AppApplicationTests]: AppApplicationTests does not declare any static, non-private, non-final, nested classes annotated with @Configuration.
21:38:35.221 [main] INFO org.springframework.boot.test.context.SpringBootTestContextBootstrapper -- Found @SpringBootConfiguration com.webapp.app.WebApp for test class com.webapp.app.AppApplicationTests

  .   ____          _            __ _ _
 /\\ / ___'_ __ _ _(_)_ __  __ _ \ \ \ \
( ( )\___ | '_ | '_| | '_ \/ _` | \ \ \ \
 \\/  ___)| |_)| | | | | || (_| |  ) ) ) )
  '  |____| .__|_| |_|_| |_\__, | / / / /
 =========|_|==============|___/=/_/_/_/

 :: Spring Boot ::                (v3.3.3)

2025-04-10T21:38:35.618+02:00  INFO 28772 --- [app] [           main] com.webapp.app.AppApplicationTests       : Starting AppApplicationTests using Java 21.0.2 with PID 28772 (started by adrian.guzman in C:\Users\adrian.guzman\Docker\JavaWebapp\app)
2025-04-10T21:38:35.619+02:00  INFO 28772 --- [app] [           main] com.webapp.app.AppApplicationTests       : No active profile set, falling back to 1 default profile: "default"
2025-04-10T21:38:36.696+02:00  INFO 28772 --- [app] [           main] o.s.b.a.w.s.WelcomePageHandlerMapping    : Adding welcome page template: index
2025-04-10T21:38:37.161+02:00  INFO 28772 --- [app] [           main] com.webapp.app.AppApplicationTests       : Started AppApplicationTests in 1.796 seconds (process running for 2.822)
]]></system-out>
    <system-err><![CDATA[WARNING: A Java agent has been loaded dynamically (C:\Users\adrian.guzman\.m2\repository\net\bytebuddy\byte-buddy-agent\1.14.19\byte-buddy-agent-1.14.19.jar)
WARNING: If a serviceability tool is in use, please run with -XX:+EnableDynamicAgentLoading to hide this warning
WARNING: If a serviceability tool is not in use, please run with -Djdk.instrument.traceUsage for more information
WARNING: Dynamic loading of agents will be disallowed by default in a future release
]]></system-err>
  </testcase>
</testsuite>